0 info it worked if it ends with ok
1 verbose cli [ 'E:\\node.js\\node.exe',
1 verbose cli   'E:\\node.js\\node_modules\\npm\\bin\\npm-cli.js',
1 verbose cli   'i',
1 verbose cli   'facebookarchive/react-native-custom-components' ]
2 info using npm@3.10.10
3 info using node@v6.10.2
4 silly loadCurrentTree Starting
5 silly install loadCurrentTree
6 silly install readLocalPackageData
7 silly fetchPackageMetaData facebookarchive/react-native-custom-components
8 silly fetchOtherPackageData facebookarchive/react-native-custom-components
9 silly cache add args [ 'facebookarchive/react-native-custom-components', null ]
10 verbose cache add spec facebookarchive/react-native-custom-components
11 silly cache add parsed spec Result {
11 silly cache add   raw: 'facebookarchive/react-native-custom-components',
11 silly cache add   scope: null,
11 silly cache add   escapedName: null,
11 silly cache add   name: null,
11 silly cache add   rawSpec: 'facebookarchive/react-native-custom-components',
11 silly cache add   spec: 'github:facebookarchive/react-native-custom-components',
11 silly cache add   type: 'hosted',
11 silly cache add   hosted:
11 silly cache add    { type: 'github',
11 silly cache add      ssh: 'git@github.com:facebookarchive/react-native-custom-components.git',
11 silly cache add      sshUrl: 'git+ssh://git@github.com/facebookarchive/react-native-custom-components.git',
11 silly cache add      httpsUrl: 'git+https://github.com/facebookarchive/react-native-custom-components.git',
11 silly cache add      gitUrl: 'git://github.com/facebookarchive/react-native-custom-components.git',
11 silly cache add      shortcut: 'github:facebookarchive/react-native-custom-components',
11 silly cache add      directUrl: 'https://raw.githubusercontent.com/facebookarchive/react-native-custom-components/master/package.json' } }
12 verbose addRemoteGit caching facebookarchive/react-native-custom-components
13 verbose addRemoteGit facebookarchive/react-native-custom-components is a repository hosted by github
14 silly tryGitProto attempting to clone git://github.com/facebookarchive/react-native-custom-components.git
15 silly tryClone cloning facebookarchive/react-native-custom-components via git://github.com/facebookarchive/react-native-custom-components.git
16 verbose tryClone git-github-com-facebookarchive-react-native-custom-components-git-8d040f75 not in flight; caching
17 verbose correctMkdir C:\Users\79263\AppData\Roaming\npm-cache\_git-remotes correctMkdir not in flight; initializing
18 warn addRemoteGit Error: not found: git
18 warn addRemoteGit     at getNotFoundError (E:\node.js\node_modules\npm\node_modules\which\which.js:14:12)
18 warn addRemoteGit     at F (E:\node.js\node_modules\npm\node_modules\which\which.js:69:19)
18 warn addRemoteGit     at E (E:\node.js\node_modules\npm\node_modules\which\which.js:81:29)
18 warn addRemoteGit     at E:\node.js\node_modules\npm\node_modules\which\which.js:90:16
18 warn addRemoteGit     at E:\node.js\node_modules\npm\node_modules\which\node_modules\isexe\index.js:44:5
18 warn addRemoteGit     at E:\node.js\node_modules\npm\node_modules\which\node_modules\isexe\windows.js:29:5
18 warn addRemoteGit     at E:\node.js\node_modules\npm\node_modules\graceful-fs\polyfills.js:264:29
18 warn addRemoteGit     at FSReqWrap.oncomplete (fs.js:123:15)
18 warn addRemoteGit  facebookarchive/react-native-custom-components resetting remote C:\Users\79263\AppData\Roaming\npm-cache\_git-remotes\git-github-com-facebookarchive-react-native-custom-components-git-8d040f75 because of error: { Error: not found: git
18 warn addRemoteGit     at getNotFoundError (E:\node.js\node_modules\npm\node_modules\which\which.js:14:12)
18 warn addRemoteGit     at F (E:\node.js\node_modules\npm\node_modules\which\which.js:69:19)
18 warn addRemoteGit     at E (E:\node.js\node_modules\npm\node_modules\which\which.js:81:29)
18 warn addRemoteGit     at E:\node.js\node_modules\npm\node_modules\which\which.js:90:16
18 warn addRemoteGit     at E:\node.js\node_modules\npm\node_modules\which\node_modules\isexe\index.js:44:5
18 warn addRemoteGit     at E:\node.js\node_modules\npm\node_modules\which\node_modules\isexe\windows.js:29:5
18 warn addRemoteGit     at E:\node.js\node_modules\npm\node_modules\graceful-fs\polyfills.js:264:29
18 warn addRemoteGit     at FSReqWrap.oncomplete (fs.js:123:15) code: 'ENOGIT' }
19 info resetRemote resetting C:\Users\79263\AppData\Roaming\npm-cache\_git-remotes\git-github-com-facebookarchive-react-native-custom-components-git-8d040f75 for facebookarchive/react-native-custom-components
20 silly gentlyRm C:\Users\79263\AppData\Roaming\npm-cache\_git-remotes\git-github-com-facebookarchive-react-native-custom-components-git-8d040f75 is being purged
21 verbose gentlyRm don't care about contents; nuking C:\Users\79263\AppData\Roaming\npm-cache\_git-remotes\git-github-com-facebookarchive-react-native-custom-components-git-8d040f75
22 silly vacuum-fs purging C:\Users\79263\AppData\Roaming\npm-cache\_git-remotes\git-github-com-facebookarchive-react-native-custom-components-git-8d040f75
23 silly vacuum-fs quitting because other entries in C:\Users\79263\AppData\Roaming\npm-cache\_git-remotes
24 error git clone --template=C:\Users\79263\AppData\Roaming\npm-cache\_git-remotes\_templates --mirror git://github.com/facebookarchive/react-native-custom-components.git C:\Users\79263\AppData\Roaming\npm-cache\_git-remotes\git-github-com-facebookarchive-react-native-custom-components-git-8d040f75: undefined
24 error git clone --template=C:\Users\79263\AppData\Roaming\npm-cache\_git-remotes\_templates --mirror git://github.com/facebookarchive/react-native-custom-components.git C:\Users\79263\AppData\Roaming\npm-cache\_git-remotes\git-github-com-facebookarchive-react-native-custom-components-git-8d040f75: undefined
25 silly tryHTTPS attempting to clone git+https://github.com/facebookarchive/react-native-custom-components.git
26 silly tryClone cloning facebookarchive/react-native-custom-components via git+https://github.com/facebookarchive/react-native-custom-components.git
27 verbose tryClone git-https-github-com-facebookarchive-react-native-custom-components-git-34834bc8 not in flight; caching
28 verbose correctMkdir C:\Users\79263\AppData\Roaming\npm-cache\_git-remotes correctMkdir not in flight; initializing
29 warn addRemoteGit Error: not found: git
29 warn addRemoteGit     at getNotFoundError (E:\node.js\node_modules\npm\node_modules\which\which.js:14:12)
29 warn addRemoteGit     at F (E:\node.js\node_modules\npm\node_modules\which\which.js:69:19)
29 warn addRemoteGit     at E (E:\node.js\node_modules\npm\node_modules\which\which.js:81:29)
29 warn addRemoteGit     at E:\node.js\node_modules\npm\node_modules\which\which.js:90:16
29 warn addRemoteGit     at E:\node.js\node_modules\npm\node_modules\which\node_modules\isexe\index.js:44:5
29 warn addRemoteGit     at E:\node.js\node_modules\npm\node_modules\which\node_modules\isexe\windows.js:29:5
29 warn addRemoteGit     at E:\node.js\node_modules\npm\node_modules\graceful-fs\polyfills.js:264:29
29 warn addRemoteGit     at FSReqWrap.oncomplete (fs.js:123:15)
29 warn addRemoteGit  facebookarchive/react-native-custom-components resetting remote C:\Users\79263\AppData\Roaming\npm-cache\_git-remotes\git-https-github-com-facebookarchive-react-native-custom-components-git-34834bc8 because of error: { Error: not found: git
29 warn addRemoteGit     at getNotFoundError (E:\node.js\node_modules\npm\node_modules\which\which.js:14:12)
29 warn addRemoteGit     at F (E:\node.js\node_modules\npm\node_modules\which\which.js:69:19)
29 warn addRemoteGit     at E (E:\node.js\node_modules\npm\node_modules\which\which.js:81:29)
29 warn addRemoteGit     at E:\node.js\node_modules\npm\node_modules\which\which.js:90:16
29 warn addRemoteGit     at E:\node.js\node_modules\npm\node_modules\which\node_modules\isexe\index.js:44:5
29 warn addRemoteGit     at E:\node.js\node_modules\npm\node_modules\which\node_modules\isexe\windows.js:29:5
29 warn addRemoteGit     at E:\node.js\node_modules\npm\node_modules\graceful-fs\polyfills.js:264:29
29 warn addRemoteGit     at FSReqWrap.oncomplete (fs.js:123:15) code: 'ENOGIT' }
30 info resetRemote resetting C:\Users\79263\AppData\Roaming\npm-cache\_git-remotes\git-https-github-com-facebookarchive-react-native-custom-components-git-34834bc8 for facebookarchive/react-native-custom-components
31 silly gentlyRm C:\Users\79263\AppData\Roaming\npm-cache\_git-remotes\git-https-github-com-facebookarchive-react-native-custom-components-git-34834bc8 is being purged
32 verbose gentlyRm don't care about contents; nuking C:\Users\79263\AppData\Roaming\npm-cache\_git-remotes\git-https-github-com-facebookarchive-react-native-custom-components-git-34834bc8
33 silly vacuum-fs purging C:\Users\79263\AppData\Roaming\npm-cache\_git-remotes\git-https-github-com-facebookarchive-react-native-custom-components-git-34834bc8
34 silly vacuum-fs quitting because other entries in C:\Users\79263\AppData\Roaming\npm-cache\_git-remotes
35 error git clone --template=C:\Users\79263\AppData\Roaming\npm-cache\_git-remotes\_templates --mirror https://github.com/facebookarchive/react-native-custom-components.git C:\Users\79263\AppData\Roaming\npm-cache\_git-remotes\git-https-github-com-facebookarchive-react-native-custom-components-git-34834bc8: undefined
35 error git clone --template=C:\Users\79263\AppData\Roaming\npm-cache\_git-remotes\_templates --mirror https://github.com/facebookarchive/react-native-custom-components.git C:\Users\79263\AppData\Roaming\npm-cache\_git-remotes\git-https-github-com-facebookarchive-react-native-custom-components-git-34834bc8: undefined
36 silly trySSH attempting to clone git@github.com:facebookarchive/react-native-custom-components.git
37 silly tryClone cloning facebookarchive/react-native-custom-components via git@github.com:facebookarchive/react-native-custom-components.git
38 verbose tryClone git-github-com-facebookarchive-react-native-custom-components-git-c23f013a not in flight; caching
39 verbose correctMkdir C:\Users\79263\AppData\Roaming\npm-cache\_git-remotes correctMkdir not in flight; initializing
40 warn addRemoteGit Error: not found: git
40 warn addRemoteGit     at getNotFoundError (E:\node.js\node_modules\npm\node_modules\which\which.js:14:12)
40 warn addRemoteGit     at F (E:\node.js\node_modules\npm\node_modules\which\which.js:69:19)
40 warn addRemoteGit     at E (E:\node.js\node_modules\npm\node_modules\which\which.js:81:29)
40 warn addRemoteGit     at E:\node.js\node_modules\npm\node_modules\which\which.js:90:16
40 warn addRemoteGit     at E:\node.js\node_modules\npm\node_modules\which\node_modules\isexe\index.js:44:5
40 warn addRemoteGit     at E:\node.js\node_modules\npm\node_modules\which\node_modules\isexe\windows.js:29:5
40 warn addRemoteGit     at E:\node.js\node_modules\npm\node_modules\graceful-fs\polyfills.js:264:29
40 warn addRemoteGit     at FSReqWrap.oncomplete (fs.js:123:15)
40 warn addRemoteGit  facebookarchive/react-native-custom-components resetting remote C:\Users\79263\AppData\Roaming\npm-cache\_git-remotes\git-github-com-facebookarchive-react-native-custom-components-git-c23f013a because of error: { Error: not found: git
40 warn addRemoteGit     at getNotFoundError (E:\node.js\node_modules\npm\node_modules\which\which.js:14:12)
40 warn addRemoteGit     at F (E:\node.js\node_modules\npm\node_modules\which\which.js:69:19)
40 warn addRemoteGit     at E (E:\node.js\node_modules\npm\node_modules\which\which.js:81:29)
40 warn addRemoteGit     at E:\node.js\node_modules\npm\node_modules\which\which.js:90:16
40 warn addRemoteGit     at E:\node.js\node_modules\npm\node_modules\which\node_modules\isexe\index.js:44:5
40 warn addRemoteGit     at E:\node.js\node_modules\npm\node_modules\which\node_modules\isexe\windows.js:29:5
40 warn addRemoteGit     at E:\node.js\node_modules\npm\node_modules\graceful-fs\polyfills.js:264:29
40 warn addRemoteGit     at FSReqWrap.oncomplete (fs.js:123:15) code: 'ENOGIT' }
41 info resetRemote resetting C:\Users\79263\AppData\Roaming\npm-cache\_git-remotes\git-github-com-facebookarchive-react-native-custom-components-git-c23f013a for facebookarchive/react-native-custom-components
42 silly gentlyRm C:\Users\79263\AppData\Roaming\npm-cache\_git-remotes\git-github-com-facebookarchive-react-native-custom-components-git-c23f013a is being purged
43 verbose gentlyRm don't care about contents; nuking C:\Users\79263\AppData\Roaming\npm-cache\_git-remotes\git-github-com-facebookarchive-react-native-custom-components-git-c23f013a
44 silly vacuum-fs purging C:\Users\79263\AppData\Roaming\npm-cache\_git-remotes\git-github-com-facebookarchive-react-native-custom-components-git-c23f013a
45 silly vacuum-fs quitting because other entries in C:\Users\79263\AppData\Roaming\npm-cache\_git-remotes
46 error git clone --template=C:\Users\79263\AppData\Roaming\npm-cache\_git-remotes\_templates --mirror git@github.com:facebookarchive/react-native-custom-components.git C:\Users\79263\AppData\Roaming\npm-cache\_git-remotes\git-github-com-facebookarchive-react-native-custom-components-git-c23f013a: undefined
46 error git clone --template=C:\Users\79263\AppData\Roaming\npm-cache\_git-remotes\_templates --mirror git@github.com:facebookarchive/react-native-custom-components.git C:\Users\79263\AppData\Roaming\npm-cache\_git-remotes\git-github-com-facebookarchive-react-native-custom-components-git-c23f013a: undefined
47 silly fetchPackageMetaData Error: not found: git
47 silly fetchPackageMetaData     at getNotFoundError (E:\node.js\node_modules\npm\node_modules\which\which.js:14:12)
47 silly fetchPackageMetaData     at F (E:\node.js\node_modules\npm\node_modules\which\which.js:69:19)
47 silly fetchPackageMetaData     at E (E:\node.js\node_modules\npm\node_modules\which\which.js:81:29)
47 silly fetchPackageMetaData     at E:\node.js\node_modules\npm\node_modules\which\which.js:90:16
47 silly fetchPackageMetaData     at E:\node.js\node_modules\npm\node_modules\which\node_modules\isexe\index.js:44:5
47 silly fetchPackageMetaData     at E:\node.js\node_modules\npm\node_modules\which\node_modules\isexe\windows.js:29:5
47 silly fetchPackageMetaData     at E:\node.js\node_modules\npm\node_modules\graceful-fs\polyfills.js:264:29
47 silly fetchPackageMetaData     at FSReqWrap.oncomplete (fs.js:123:15)
47 silly fetchPackageMetaData  error for facebookarchive/react-native-custom-components { Error: not found: git
47 silly fetchPackageMetaData     at getNotFoundError (E:\node.js\node_modules\npm\node_modules\which\which.js:14:12)
47 silly fetchPackageMetaData     at F (E:\node.js\node_modules\npm\node_modules\which\which.js:69:19)
47 silly fetchPackageMetaData     at E (E:\node.js\node_modules\npm\node_modules\which\which.js:81:29)
47 silly fetchPackageMetaData     at E:\node.js\node_modules\npm\node_modules\which\which.js:90:16
47 silly fetchPackageMetaData     at E:\node.js\node_modules\npm\node_modules\which\node_modules\isexe\index.js:44:5
47 silly fetchPackageMetaData     at E:\node.js\node_modules\npm\node_modules\which\node_modules\isexe\windows.js:29:5
47 silly fetchPackageMetaData     at E:\node.js\node_modules\npm\node_modules\graceful-fs\polyfills.js:264:29
47 silly fetchPackageMetaData     at FSReqWrap.oncomplete (fs.js:123:15) code: 'ENOGIT' }
48 silly rollbackFailedOptional Starting
49 silly rollbackFailedOptional Finishing
50 silly runTopLevelLifecycles Finishing
51 silly install printInstalled
52 verbose stack Error: not found: git
52 verbose stack     at getNotFoundError (E:\node.js\node_modules\npm\node_modules\which\which.js:14:12)
52 verbose stack     at F (E:\node.js\node_modules\npm\node_modules\which\which.js:69:19)
52 verbose stack     at E (E:\node.js\node_modules\npm\node_modules\which\which.js:81:29)
52 verbose stack     at E:\node.js\node_modules\npm\node_modules\which\which.js:90:16
52 verbose stack     at E:\node.js\node_modules\npm\node_modules\which\node_modules\isexe\index.js:44:5
52 verbose stack     at E:\node.js\node_modules\npm\node_modules\which\node_modules\isexe\windows.js:29:5
52 verbose stack     at E:\node.js\node_modules\npm\node_modules\graceful-fs\polyfills.js:264:29
52 verbose stack     at FSReqWrap.oncomplete (fs.js:123:15)
53 verbose cwd E:\sandsOfTime
54 error Windows_NT 10.0.16299
55 error argv "E:\\node.js\\node.exe" "E:\\node.js\\node_modules\\npm\\bin\\npm-cli.js" "i" "facebookarchive/react-native-custom-components"
56 error node v6.10.2
57 error npm  v3.10.10
58 error code ENOGIT
59 error not found: git
60 error Failed using git.
60 error This is most likely not a problem with npm itself.
60 error Please check if you have git installed and in your PATH.
61 verbose exit [ 1, true ]
